[debug] [2023-10-01T19:35:05.792Z] ----------------------------------------------------------------------
[debug] [2023-10-01T19:35:05.795Z] Command:       C:\Program Files\nodejs\node.exe C:\Program Files\nodejs\node_modules\firebase-tools\lib\bin\firebase.js init
[debug] [2023-10-01T19:35:05.796Z] CLI Version:   12.5.4
[debug] [2023-10-01T19:35:05.796Z] Platform:      win32
[debug] [2023-10-01T19:35:05.797Z] Node Version:  v16.17.1
[debug] [2023-10-01T19:35:05.798Z] Time:          Mon Oct 02 2023 01:05:05 GMT+0530 (India Standard Time)
[debug] [2023-10-01T19:35:05.798Z] ----------------------------------------------------------------------
[debug] 
[debug] [2023-10-01T19:35:05.934Z] > command requires scopes: ["email","openid","https://www.googleapis.com/auth/cloudplatformprojects.readonly","https://www.googleapis.com/auth/firebase","https://www.googleapis.com/auth/cloud-platform"]
[debug] [2023-10-01T19:35:05.937Z] > authorizing via signed-in user (infoofmanju@gmail.com)
[info] 
     ######## #### ########  ######## ########     ###     ######  ########
     ##        ##  ##     ## ##       ##     ##  ##   ##  ##       ##
     ######    ##  ########  ######   ########  #########  ######  ######
     ##        ##  ##    ##  ##       ##     ## ##     ##       ## ##
     ##       #### ##     ## ######## ########  ##     ##  ######  ########

You're about to initialize a Firebase project in this directory:

  D:\work\designer-portfolio

Before we get started, keep in mind:

  * You are initializing within an existing Firebase project directory

