[debug] [2025-05-06T13:31:19.463Z] ----------------------------------------------------------------------
[debug] [2025-05-06T13:31:19.464Z] Command:       /usr/local/bin/node /Users/manjunathkottarki/.npm-global/bin/firebase init
[debug] [2025-05-06T13:31:19.465Z] CLI Version:   14.2.1
[debug] [2025-05-06T13:31:19.465Z] Platform:      darwin
[debug] [2025-05-06T13:31:19.465Z] Node Version:  v22.14.0
[debug] [2025-05-06T13:31:19.465Z] Time:          Tue May 06 2025 19:01:19 GMT+0530 (India Standard Time)
[debug] [2025-05-06T13:31:19.465Z] ----------------------------------------------------------------------
[debug] 
[debug] [2025-05-06T13:31:19.539Z] > command requires scopes: ["email","openid","https://www.googleapis.com/auth/cloudplatformprojects.readonly","https://www.googleapis.com/auth/firebase","https://www.googleapis.com/auth/cloud-platform"]
[debug] [2025-05-06T13:31:19.539Z] > authorizing via signed-in user (infoofmanju@gmail.com)
[info] 
     ######## #### ########  ######## ########     ###     ######  ########
     ##        ##  ##     ## ##       ##     ##  ##   ##  ##       ##
     ######    ##  ########  ######   ########  #########  ######  ######
     ##        ##  ##    ##  ##       ##     ## ##     ##       ## ##
     ##       #### ##     ## ######## ########  ##     ##  ######  ########

You're about to initialize a Firebase project in this directory:

  /Users/manjunathkottarki/Documents/GitHub/designer-portfolio

Before we get started, keep in mind:

  * You are initializing within an existing Firebase project directory

[info] 
=== Project Setup
[info] 
[info] First, let's associate this project directory with a Firebase project.
[info] You can create multiple project aliases by running firebase use --add, 
[info] but for now we'll just set up a default project.
[info] 
[debug] [2025-05-06T13:31:24.602Z] Using project from CLI flag: siddhiparkar-5d475
[debug] [2025-05-06T13:31:24.602Z] Checked if tokens are valid: false, expires at: 1746534316966
[debug] [2025-05-06T13:31:24.603Z] Checked if tokens are valid: false, expires at: 1746534316966
[debug] [2025-05-06T13:31:24.603Z] > refreshing access token with scopes: []
[debug] [2025-05-06T13:31:24.603Z] >>> [apiv2][query] POST https://www.googleapis.com/oauth2/v3/token [none]
[debug] [2025-05-06T13:31:24.603Z] >>> [apiv2][body] POST https://www.googleapis.com/oauth2/v3/token [omitted]
[debug] [2025-05-06T13:31:25.349Z] <<< [apiv2][status] POST https://www.googleapis.com/oauth2/v3/token 200
[debug] [2025-05-06T13:31:25.350Z] <<< [apiv2][body] POST https://www.googleapis.com/oauth2/v3/token [omitted]
[debug] [2025-05-06T13:31:25.360Z] >>> [apiv2][query] GET https://firebase.googleapis.com/v1beta1/projects/siddhiparkar-5d475 [none]
[debug] [2025-05-06T13:31:26.140Z] <<< [apiv2][status] GET https://firebase.googleapis.com/v1beta1/projects/siddhiparkar-5d475 200
[debug] [2025-05-06T13:31:26.141Z] <<< [apiv2][body] GET https://firebase.googleapis.com/v1beta1/projects/siddhiparkar-5d475 {"projectId":"siddhiparkar-5d475","projectNumber":"284369189804","displayName":"siddhiparkar","name":"projects/siddhiparkar-5d475","resources":{"hostingSite":"siddhiparkar-5d475","locationId":"asia-south1"},"state":"ACTIVE","etag":"1_a6be1405-e3eb-47f3-a6dc-c52065e1c477"}
[info] i  Using project siddhiparkar-5d475 (siddhiparkar) 
[info] 
=== Hosting Setup
[debug] [2025-05-06T13:31:26.145Z] Checked if tokens are valid: true, expires at: 1746541884350
[debug] [2025-05-06T13:31:26.146Z] Checked if tokens are valid: true, expires at: 1746541884350
[debug] [2025-05-06T13:31:26.146Z] >>> [apiv2][query] GET https://firebase.googleapis.com/v1beta1/projects/siddhiparkar-5d475 [none]
[debug] [2025-05-06T13:31:26.511Z] <<< [apiv2][status] GET https://firebase.googleapis.com/v1beta1/projects/siddhiparkar-5d475 200
[debug] [2025-05-06T13:31:26.511Z] <<< [apiv2][body] GET https://firebase.googleapis.com/v1beta1/projects/siddhiparkar-5d475 {"projectId":"siddhiparkar-5d475","projectNumber":"284369189804","displayName":"siddhiparkar","name":"projects/siddhiparkar-5d475","resources":{"hostingSite":"siddhiparkar-5d475","locationId":"asia-south1"},"state":"ACTIVE","etag":"1_a6be1405-e3eb-47f3-a6dc-c52065e1c477"}
